<?xml version="1.0" encoding="utf-8"?><testsuites name="pytest tests"><testsuite name="pytest" errors="0" failures="0" skipped="0" tests="11" time="3.620" timestamp="2026-03-06T15:19:14.189648+00:00" hostname="agent-env-720dc28d-1f5f-4ad4-9ebd-2ff374f29d60"><testcase classname="backend.tests.test_savyn_rebranding.TestSavynBranding" name="test_api_root_returns_savyn" time="0.224" /><testcase classname="backend.tests.test_savyn_rebranding.TestMarketplace" name="test_marketplace_tontines_public" time="0.118" /><testcase classname="backend.tests.test_savyn_rebranding.TestUserAuth" name="test_user_registration" time="0.343" /><testcase classname="backend.tests.test_savyn_rebranding.TestUserAuth" name="test_user_login" time="0.339" /><testcase classname="backend.tests.test_savyn_rebranding.TestAdminAccess" name="test_admin_login" time="0.335" /><testcase classname="backend.tests.test_savyn_rebranding.TestAdminAccess" name="test_admin_stats_access_with_admin_email" time="0.478" /><testcase classname="backend.tests.test_savyn_rebranding.TestAdminAccess" name="test_admin_users_access_with_admin_email" time="0.131" /><testcase classname="backend.tests.test_savyn_rebranding.TestAdminAccess" name="test_admin_stats_denied_for_non_admin" time="0.831" /><testcase classname="backend.tests.test_savyn_rebranding.TestAdminAccess" name="test_admin_users_denied_for_non_admin" time="0.119" /><testcase classname="backend.tests.test_savyn_rebranding.TestAuthMe" name="test_auth_me_requires_auth" time="0.153" /><testcase classname="backend.tests.test_savyn_rebranding.TestAuthMe" name="test_auth_me_with_token" time="0.441" /></testsuite></testsuites>