<?xml version="1.0" encoding="utf-8"?><testsuites name="pytest tests"><testsuite name="pytest" errors="0" failures="0" skipped="2" tests="10" time="2.499" timestamp="2026-03-11T09:00:17.319523+00:00" hostname="agent-env-720dc28d-1f5f-4ad4-9ebd-2ff374f29d60"><testcase classname="tests.test_share_and_logo_features.TestShareEndpoint" name="test_api_health" time="0.196" /><testcase classname="tests.test_share_and_logo_features.TestShareEndpoint" name="test_admin_login" time="0.387" /><testcase classname="tests.test_share_and_logo_features.TestShareEndpoint" name="test_share_test_user_login" time="0.405" /><testcase classname="tests.test_share_and_logo_features.TestShareEndpoint" name="test_get_user_tontines" time="0.060" /><testcase classname="tests.test_share_and_logo_features.TestShareEndpoint" name="test_share_endpoint_as_creator" time="0.108"><skipped type="pytest.skip" message="No tontine found where admin is creator">/app/backend/tests/test_share_and_logo_features.py:103: No tontine found where admin is creator</skipped></testcase><testcase classname="tests.test_share_and_logo_features.TestShareEndpoint" name="test_share_endpoint_forbidden_for_non_creator" time="0.103"><skipped type="pytest.skip" message="No tontine found where admin is creator">/app/backend/tests/test_share_and_logo_features.py:150: No tontine found where admin is creator</skipped></testcase><testcase classname="tests.test_share_and_logo_features.TestShareEndpoint" name="test_share_endpoint_not_found" time="0.047" /><testcase classname="tests.test_share_and_logo_features.TestTontineDetailAndPlatformFee" name="test_tontine_detail_endpoint" time="0.497" /><testcase classname="tests.test_share_and_logo_features.TestTontineDetailAndPlatformFee" name="test_admin_stats_platform_revenue" time="0.093" /><testcase classname="tests.test_share_and_logo_features.TestCreateTontineFlow" name="test_create_tontine_returns_id" time="0.427" /></testsuite></testsuites>