<?xml version="1.0" encoding="utf-8"?><testsuites name="pytest tests"><testsuite name="pytest" errors="0" failures="0" skipped="0" tests="8" time="4.571" timestamp="2026-03-10T21:55:05.709893+00:00" hostname="agent-env-720dc28d-1f5f-4ad4-9ebd-2ff374f29d60"><testcase classname="backend.tests.test_platform_fee_feature.TestPlatformFeeFeature" name="test_admin_trigger_payout_returns_fee_breakdown" time="2.385" /><testcase classname="backend.tests.test_platform_fee_feature.TestPlatformFeeFeature" name="test_admin_stats_includes_platform_revenue" time="0.060" /><testcase classname="backend.tests.test_platform_fee_feature.TestPlatformFeeFeature" name="test_wallet_includes_total_platform_fees" time="0.119" /><testcase classname="backend.tests.test_platform_fee_feature.TestPlatformFeeFeature" name="test_wallet_export_csv_includes_platform_fees" time="0.120" /><testcase classname="backend.tests.test_platform_fee_feature.TestPlatformFeeFeature" name="test_contract_terms_include_platform_fee" time="0.119" /><testcase classname="backend.tests.test_platform_fee_feature.TestPlatformFeeCalculation" name="test_admin_stats_platform_revenue_structure" time="0.402" /><testcase classname="backend.tests.test_platform_fee_feature.TestPlatformFeeEndToEnd" name="test_full_payout_flow_with_fee" time="1.201" /><testcase classname="backend.tests.test_platform_fee_feature" name="test_api_health" time="0.113" /></testsuite></testsuites>