<?xml version="1.0" encoding="utf-8"?><testsuites name="pytest tests"><testsuite name="pytest" errors="0" failures="0" skipped="1" tests="8" time="3.219" timestamp="2026-03-10T09:24:45.475418+00:00" hostname="agent-env-720dc28d-1f5f-4ad4-9ebd-2ff374f29d60"><testcase classname="backend.tests.test_admin_visibility_and_join_button.TestAdminFieldInAuthResponses" name="test_admin_login_returns_is_admin_true" time="0.450" /><testcase classname="backend.tests.test_admin_visibility_and_join_button.TestAdminFieldInAuthResponses" name="test_non_admin_login_returns_is_admin_false" time="0.367" /><testcase classname="backend.tests.test_admin_visibility_and_join_button.TestAdminFieldInAuthResponses" name="test_admin_auth_me_returns_is_admin_true" time="0.432" /><testcase classname="backend.tests.test_admin_visibility_and_join_button.TestAdminFieldInAuthResponses" name="test_non_admin_auth_me_returns_is_admin_false" time="0.423" /><testcase classname="backend.tests.test_admin_visibility_and_join_button.TestAdminFieldInAuthResponses" name="test_register_returns_is_admin_false" time="0.368" /><testcase classname="backend.tests.test_admin_visibility_and_join_button.TestMarketplaceJoinButtonDisabling" name="test_user_active_tontines_endpoint" time="0.433" /><testcase classname="backend.tests.test_admin_visibility_and_join_button.TestMarketplaceJoinButtonDisabling" name="test_marketplace_returns_tontines" time="0.104" /><testcase classname="backend.tests.test_admin_visibility_and_join_button.TestMarketplaceJoinButtonDisabling" name="test_join_tontine_already_joined_fails" time="0.467"><skipped type="pytest.skip" message="No active tontines to test join rejection">/app/backend/tests/test_admin_visibility_and_join_button.py:153: No active tontines to test join rejection</skipped></testcase></testsuite></testsuites>