<?xml version="1.0" encoding="utf-8"?><testsuites name="pytest tests"><testsuite name="pytest" errors="0" failures="0" skipped="0" tests="18" time="8.900" timestamp="2026-03-09T11:46:48.863932+00:00" hostname="agent-env-720dc28d-1f5f-4ad4-9ebd-2ff374f29d60"><testcase classname="backend.tests.test_new_features_batch.TestRegistrationTerms" name="test_register_without_accept_terms_fails" time="0.193" /><testcase classname="backend.tests.test_new_features_batch.TestRegistrationTerms" name="test_register_with_accept_terms_succeeds" time="0.331" /><testcase classname="backend.tests.test_new_features_batch.TestLoginTracking" name="test_login_success" time="0.676" /><testcase classname="backend.tests.test_new_features_batch.TestLoginTracking" name="test_login_failure_invalid_credentials" time="0.116" /><testcase classname="backend.tests.test_new_features_batch.TestUserSuspension" name="test_admin_can_suspend_user" time="0.787" /><testcase classname="backend.tests.test_new_features_batch.TestUserSuspension" name="test_suspended_user_cannot_login" time="0.882" /><testcase classname="backend.tests.test_new_features_batch.TestAdminKYCValidation" name="test_admin_approve_kyc" time="0.829" /><testcase classname="backend.tests.test_new_features_batch.TestAdminKYCValidation" name="test_admin_reject_kyc" time="0.755" /><testcase classname="backend.tests.test_new_features_batch.TestFraudAlerts" name="test_fraud_alerts_endpoint" time="0.489" /><testcase classname="backend.tests.test_new_features_batch.TestFraudAlerts" name="test_fraud_alerts_requires_admin" time="0.122" /><testcase classname="backend.tests.test_new_features_batch.TestAnalytics" name="test_analytics_endpoint" time="0.435" /><testcase classname="backend.tests.test_new_features_batch.TestWalletExport" name="test_wallet_export_endpoint" time="0.482" /><testcase classname="backend.tests.test_new_features_batch.TestWalletExport" name="test_wallet_export_requires_auth" time="0.103" /><testcase classname="backend.tests.test_new_features_batch.TestLemonWayMock" name="test_lemonway_status_endpoint" time="0.099" /><testcase classname="backend.tests.test_new_features_batch.TestContracts" name="test_contracts_endpoint" time="0.441" /><testcase classname="backend.tests.test_new_features_batch.TestTontineJoinWithContract" name="test_join_without_accept_contract_fails" time="1.040" /><testcase classname="backend.tests.test_new_features_batch.TestAdminTriggerPayout" name="test_trigger_payout_requires_active_tontine" time="0.430" /><testcase classname="backend.tests.test_new_features_batch.TestAdminTriggerPayout" name="test_trigger_payout_endpoint_exists" time="0.563" /></testsuite></testsuites>