<?xml version="1.0" encoding="utf-8"?><testsuites name="pytest tests"><testsuite name="pytest" errors="0" failures="0" skipped="0" tests="47" time="17.562" timestamp="2026-03-10T10:37:39.594788+00:00" hostname="agent-env-720dc28d-1f5f-4ad4-9ebd-2ff374f29d60"><testcase classname="backend.tests.test_comprehensive_savyn.TestRegistrationFlow" name="test_register_without_terms_rejected" time="0.299" /><testcase classname="backend.tests.test_comprehensive_savyn.TestRegistrationFlow" name="test_register_with_terms_success" time="0.378" /><testcase classname="backend.tests.test_comprehensive_savyn.TestRegistrationFlow" name="test_register_duplicate_email_rejected" time="0.205" /><testcase classname="backend.tests.test_comprehensive_savyn.TestLoginFlow" name="test_login_valid_credentials" time="0.375" /><testcase classname="backend.tests.test_comprehensive_savyn.TestLoginFlow" name="test_login_invalid_password" time="0.389" /><testcase classname="backend.tests.test_comprehensive_savyn.TestLoginFlow" name="test_login_nonexistent_user" time="0.100" /><testcase classname="backend.tests.test_comprehensive_savyn.TestAuthMe" name="test_auth_me_returns_user_data" time="0.434" /><testcase classname="backend.tests.test_comprehensive_savyn.TestAuthMe" name="test_auth_me_non_admin_user" time="0.457" /><testcase classname="backend.tests.test_comprehensive_savyn.TestKYCFlow" name="test_kyc_submit_requires_auth" time="0.108" /><testcase classname="backend.tests.test_comprehensive_savyn.TestKYCFlow" name="test_kyc_status_endpoint" time="0.307" /><testcase classname="backend.tests.test_comprehensive_savyn.TestTontineCRUD" name="test_list_tontines" time="0.115" /><testcase classname="backend.tests.test_comprehensive_savyn.TestTontineCRUD" name="test_marketplace_tontines_no_auth" time="0.112" /><testcase classname="backend.tests.test_comprehensive_savyn.TestTontineCRUD" name="test_create_tontine_requires_verified_kyc" time="0.104" /><testcase classname="backend.tests.test_comprehensive_savyn.TestTontineCRUD" name="test_join_tontine_requires_contract" time="0.252" /><testcase classname="backend.tests.test_comprehensive_savyn.TestWallet" name="test_get_wallet" time="0.114" /><testcase classname="backend.tests.test_comprehensive_savyn.TestWallet" name="test_wallet_export_csv" time="0.108" /><testcase classname="backend.tests.test_comprehensive_savyn.TestSupport" name="test_create_ticket" time="0.125" /><testcase classname="backend.tests.test_comprehensive_savyn.TestSupport" name="test_list_tickets" time="0.104" /><testcase classname="backend.tests.test_comprehensive_savyn.TestAdminEndpoints" name="test_admin_stats" time="0.102" /><testcase classname="backend.tests.test_comprehensive_savyn.TestAdminEndpoints" name="test_admin_list_users" time="0.101" /><testcase classname="backend.tests.test_comprehensive_savyn.TestAdminEndpoints" name="test_admin_list_tontines" time="0.102" /><testcase classname="backend.tests.test_comprehensive_savyn.TestAdminEndpoints" name="test_admin_fraud_alerts" time="0.105" /><testcase classname="backend.tests.test_comprehensive_savyn.TestAdminEndpoints" name="test_admin_analytics" time="0.102" /><testcase classname="backend.tests.test_comprehensive_savyn.TestContracts" name="test_list_user_contracts" time="0.113" /><testcase classname="backend.tests.test_comprehensive_savyn.TestLemonWayMock" name="test_lemonway_status" time="0.107" /><testcase classname="backend.tests.test_comprehensive_savyn.TestTrustScore" name="test_trust_score_calculation" time="0.108" /><testcase classname="backend.tests.test_comprehensive_savyn.TestUserSettings" name="test_update_settings" time="0.103" /><testcase classname="backend.tests.test_comprehensive_savyn.TestXSSInjection" name="test_xss_in_registration_name" time="0.348" /><testcase classname="backend.tests.test_comprehensive_savyn.TestXSSInjection" name="test_xss_in_support_ticket" time="0.206" /><testcase classname="backend.tests.test_comprehensive_savyn.TestNoSQLInjection" name="test_nosql_injection_login_email" time="0.116" /><testcase classname="backend.tests.test_comprehensive_savyn.TestNoSQLInjection" name="test_nosql_injection_login_password" time="0.118" /><testcase classname="backend.tests.test_comprehensive_savyn.TestJWTSecurity" name="test_expired_token" time="0.103" /><testcase classname="backend.tests.test_comprehensive_savyn.TestJWTSecurity" name="test_invalid_token" time="0.102" /><testcase classname="backend.tests.test_comprehensive_savyn.TestJWTSecurity" name="test_missing_token" time="0.107" /><testcase classname="backend.tests.test_comprehensive_savyn.TestRBAC" name="test_non_admin_accessing_admin_stats" time="0.103" /><testcase classname="backend.tests.test_comprehensive_savyn.TestRBAC" name="test_non_admin_accessing_admin_users" time="0.102" /><testcase classname="backend.tests.test_comprehensive_savyn.TestRBAC" name="test_non_admin_accessing_fraud_alerts" time="0.101" /><testcase classname="backend.tests.test_comprehensive_savyn.TestRBAC" name="test_non_admin_suspend_user" time="0.107" /><testcase classname="backend.tests.test_comprehensive_savyn.TestIDOR" name="test_accessing_other_user_wallet" time="0.202" /><testcase classname="backend.tests.test_comprehensive_savyn.TestSuspendedUser" name="test_create_and_suspend_user" time="0.559" /><testcase classname="backend.tests.test_comprehensive_savyn.TestCORSHeaders" name="test_cors_headers_present" time="0.066" /><testcase classname="backend.tests.test_comprehensive_savyn.TestCookieSecurity" name="test_login_cookie_flags" time="0.323" /><testcase classname="backend.tests.test_comprehensive_savyn.TestLoadConcurrentRegistration" name="test_concurrent_registrations" time="3.345" /><testcase classname="backend.tests.test_comprehensive_savyn.TestLoadConcurrentLogin" name="test_concurrent_logins" time="3.370" /><testcase classname="backend.tests.test_comprehensive_savyn.TestLoadConcurrentMarketplace" name="test_concurrent_marketplace_requests" time="2.285" /><testcase classname="backend.tests.test_comprehensive_savyn.TestLoadConcurrentAdmin" name="test_concurrent_admin_stats" time="0.522" /><testcase classname="backend.tests.test_comprehensive_savyn.TestLoadLargeData" name="test_pagination_performance" time="0.118" /></testsuite></testsuites>